<?xml version="1.0" encoding="UTF-8"?>
<!-- Generated by org.testng.reporters.JUnitReportReporter -->
<testsuite skipped="0" hostname="Riyaz" name="com.qa.testNGFeatures.testNG_Features" tests="2" failures="0" timestamp="26 Sep 2020 16:54:47 GMT" time="0.058" errors="0">
  <testcase name="login_page" time="0.053" classname="com.qa.testNGFeatures.testNG_Features"/>
  <testcase name="home_page" time="0.005" classname="com.qa.testNGFeatures.testNG_Features"/>
</testsuite> <!-- com.qa.testNGFeatures.testNG_Features -->
