<?xml version="1.0" encoding="UTF-8"?>
<!-- Generated by org.testng.reporters.JUnitReportReporter -->
<testsuite skipped="0" hostname="Riyaz" name="com.qa.Parameters.testNG_Parameters" tests="1" failures="0" timestamp="26 Sep 2020 06:07:22 GMT" time="64.260" errors="0">
  <testcase name="LoginTest" time="64.260" classname="com.qa.Parameters.testNG_Parameters"/>
</testsuite> <!-- com.qa.Parameters.testNG_Parameters -->
