<?xml version="1.0" encoding="UTF-8"?>
<!-- Generated by org.testng.reporters.JUnitReportReporter -->
<testsuite skipped="0" hostname="Riyaz" name="com.qa.annotations.testNG_annotations" tests="3" failures="0" timestamp="26 Sep 2020 08:52:48 GMT" time="0.193" errors="0">
  <testcase name="login_page" time="0.128" classname="com.qa.annotations.testNG_annotations"/>
  <testcase name="home_page" time="0.015" classname="com.qa.annotations.testNG_annotations"/>
  <testcase name="deals_page" time="0.050" classname="com.qa.annotations.testNG_annotations"/>
</testsuite> <!-- com.qa.annotations.testNG_annotations -->
