<?xml version="1.0" encoding="UTF-8"?>
<!-- Generated by org.testng.reporters.JUnitReportReporter -->
<testsuite skipped="0" hostname="Riyaz" name="com.qa.DataProvider.testNG_dataProvider" tests="3" failures="0" timestamp="26 Sep 2020 08:58:34 GMT" time="323.690" errors="0">
  <testcase name="LoginTest" time="89.293" classname="com.qa.DataProvider.testNG_dataProvider"/>
  <testcase name="LoginTest" time="47.828" classname="com.qa.DataProvider.testNG_dataProvider"/>
  <testcase name="LoginTest" time="186.569" classname="com.qa.DataProvider.testNG_dataProvider"/>
</testsuite> <!-- com.qa.DataProvider.testNG_dataProvider -->
