<?xml version="1.0" encoding="UTF-8"?>
<!-- Generated by org.testng.reporters.JUnitReportReporter -->
<testsuite skipped="1" hostname="Riyaz" name="com.qa.DataProvider.dataProviderthroughExcel" tests="1" failures="0" timestamp="26 Sep 2020 10:45:26 GMT" time="0.000" errors="0">
  <testcase name="LoginTest" time="0.000" classname="com.qa.DataProvider.dataProviderthroughExcel">
    <skipped/>
  </testcase> <!-- LoginTest -->
</testsuite> <!-- com.qa.DataProvider.dataProviderthroughExcel -->
