<?xml version="1.0" encoding="UTF-8"?>
<!-- Generated by org.testng.reporters.JUnitReportReporter -->
<testsuite skipped="0" hostname="Riyaz" name="com.qa.invocationcount.testNG_invocationCount" tests="2" failures="0" timestamp="25 Sep 2020 06:20:56 GMT" time="0.031" errors="0">
  <testcase name="sum" time="0.015" classname="com.qa.invocationcount.testNG_invocationCount"/>
  <testcase name="sum" time="0.016" classname="com.qa.invocationcount.testNG_invocationCount"/>
</testsuite> <!-- com.qa.invocationcount.testNG_invocationCount -->
